Drill report for FalconMain.kicad_pcb
Created on 2022-02-12 01:52:03

Copper Layer Stackup:
    =============================================================
    L1 :  F.Cu                      front
    L2 :  In1.Cu                    in1
    L3 :  In2.Cu                    in2
    L4 :  B.Cu                      back


Drill file 'FalconMain-PTH.drl' contains
    plated through holes:
    =============================================================
    T1  0.300mm  0.0118"  (397 holes)
    T2  0.500mm  0.0197"  (2 holes)
    T3  0.800mm  0.0315"  (8 holes)
    T4  0.950mm  0.0374"  (5 holes)
    T5  1.000mm  0.0394"  (1 hole)
    T6  1.000mm  0.0394"  (33 holes)
    T7  1.200mm  0.0472"  (24 holes)
    T8  3.000mm  0.1181"  (2 holes)

    Total plated holes count 472


Drill file 'FalconMain-NPTH.drl' contains
    unplated through holes:
    =============================================================
    T1  1.200mm  0.0472"  (1 hole)
    T2  1.300mm  0.0512"  (4 holes)
    T3  2.700mm  0.1063"  (6 holes)

    Total unplated holes count 11
